Aucune donnée trouvée, initialisation des données.
Démarrage de la récupération des données...
Nombre de jeux récupérés: 50
Données récupérées. Sauvegarde des données...
Données sauvegardées dans le fichier: /Users/thomasriq/Documents/MMI/demo/maj/jeuData_2024-11-07.json
Aucune donnée trouvée, initialisation des données.
Démarrage de la récupération des données...
Nombre de jeux récupérés: 50
Données récupérées. Sauvegarde des données...
Données sauvegardées dans le fichier: /Users/thomasriq/Documents/MMI/demo/maj/jeuData_2024-11-07_09:49:45.json
Aucune donnée trouvée, initialisation des données.
Démarrage de la récupération des données...
Nombre de jeux récupérés: 50
Données récupérées. Sauvegarde des données...
Données sauvegardées dans le fichier: /Users/thomasriq/Documents/MMI/demo/maj/jeuData_2024-11-07_10:58:01.json
Vérification des mises à jour...
Démarrage de la récupération des données...
Nombre de jeux récupérés: 50
Données récupérées. Sauvegarde des données...
Données sauvegardées dans le fichier: /Users/thomasriq/Documents/MMI/demo/maj/jeuData_2024-11-07_11:01:58.json
Vérification des mises à jour...
Démarrage de la récupération des données...
Nombre de jeux récupérés: 50
Données récupérées. Sauvegarde des données...
Données sauvegardées dans le fichier: /Users/thomasriq/Documents/MMI/demo/maj/jeuData_2024-11-07_11:07:01.json
Vérification des mises à jour...
Démarrage de la récupération des données...
Nombre de jeux récupérés: 50
Données récupérées. Sauvegarde des données...
Données sauvegardées dans le fichier: /Users/thomasriq/Documents/MMI/demo/maj/jeuData_2024-11-07_11:12:03.json
Vérification des mises à jour...
Démarrage de la récupération des données...
Nombre de jeux récupérés: 50
Données récupérées. Sauvegarde des données...
Données sauvegardées dans le fichier: /Users/thomasriq/Documents/MMI/demo/maj/jeuData_2024-11-07_11:16:58.json
Vérification des mises à jour...
Démarrage de la récupération des données...
Nombre de jeux récupérés: 50
Données récupérées. Sauvegarde des données...
Données sauvegardées dans le fichier: /Users/thomasriq/Documents/MMI/demo/maj/jeuData_2024-11-07_11:22:06.json
Vérification des mises à jour...
Démarrage de la récupération des données...
Nombre de jeux récupérés: 50
Données récupérées. Sauvegarde des données...
Données sauvegardées dans le fichier: /Users/thomasriq/Documents/MMI/demo/maj/jeuData_2024-11-07_11:27:05.json
Vérification des mises à jour...
Démarrage de la récupération des données...
Nombre de jeux récupérés: 50
Données récupérées. Sauvegarde des données...
Données sauvegardées dans le fichier: /Users/thomasriq/Documents/MMI/demo/maj/jeuData_2024-11-07_11:32:02.json
